1763206334698	geckodriver	INFO	Listening on 127.0.0.1:38151
1763206334816	mozrunner::runner	INFO	Running command: "C:\\Program Files\\Mozilla Firefox\\firefox.exe" "--marionette" "--disable-notifications" "-no-remote" "-profile" "C:\\Users\\MINMIN~1\\AppData\\Local\\Temp\\rust_mozprofilepJgzVn"
console.warn: services.settings: Ignoring preference override of remote settings server
console.warn: services.settings: Allow by setting MOZ_REMOTE_SETTINGS_DEVTOOLS=1 in the environment
1763206335118	Marionette	INFO	Marionette enabled
Dynamically enable window occlusion 0
console.error: "Warning: unrecognized command line flag" "-disable-notifications"
1763206335190	Marionette	INFO	Listening on port 61749
Read port: 61749
1763206335298	RemoteAgent	WARN	TLS certificate errors will be ignored for this session
console.warn: LoginRecipes: "Falling back to a synchronous message for: https://www.saucedemo.com."
console.warn: LoginRecipes: "Falling back to a synchronous message for: https://www.saucedemo.com."
1763206360510	Marionette	INFO	Stopped listening on port 61749
Dynamically enable window occlusion 1
console.error: "Failed to fetch https://spocs.getpocket.com/user:" "NetworkError when attempting to fetch resource."
console.error: (new TypeError("NetworkError when attempting to fetch resource.", ""))
console.error: (new Error("OHTTP was configured for https://ads.mozilla.org/v1/delete_user but we couldn't fetch a valid config", "moz-src:///browser/modules/ContextId.sys.mjs", 234))
console.warn: TopSitesFeed: Failed to fetch data from MARS server: NetworkError when attempting to fetch resource.
JavaScript error: resource://gre/modules/ObliviousHTTP.sys.mjs, line 117: NS_ERROR_XPC_CANT_CONVERT_PRIMITIVE_TO_ARRAY: Cannot convert primitive JavaScript value into an array arg 2 [nsIObliviousHttpService.newChannel]
JavaScript error: resource:///modules/AboutNewTab.sys.mjs, line 242: NS_ERROR_ILLEGAL_VALUE: Component returned failure code: 0x80070057 (NS_ERROR_ILLEGAL_VALUE) [nsIObserverService.removeObserver]
JavaScript error: resource://services-settings/RemoteSettingsClient.sys.mjs, line 85: Error: Unknown callback
JavaScript error: resource://gre/modules/JSONFile.sys.mjs, line 432: TypeError: can't access property "toJSONSafe", this._data is null
